<?xml version="1.0" encoding="UTF-8"?>
<!-- Generated by org.testng.reporters.JUnitReportReporter -->
<testsuite hostname="DESKTOP-F7L9F4L" failures="0" tests="1" name="com.snytko.project.AppTest" time="5.164" errors="0" timestamp="2020-07-28T14:34:07 MSK" skipped="0">
  <testcase classname="com.snytko.project.AppTest" name="init1" time="5.164"/>
  <system-out/>
</testsuite> <!-- com.snytko.project.AppTest -->
